------------------------------------------------------------------------
r1557 | hgneng | 2013-01-11 22:24:29 +0800 (五, 2013-01-11) | 2 行

add female English voice and upgrade 64bit static library

------------------------------------------------------------------------
r1292 | hgneng | 2012-03-05 11:38:44 +0800 (一, 2012-03-05) | 1 行

add female Spanish voice
------------------------------------------------------------------------
r1291 | hgneng | 2012-03-05 11:00:40 +0800 (一, 2012-03-05) | 1 行

delete a 11k voice (we need 16k)
------------------------------------------------------------------------
r1290 | hgneng | 2012-03-05 10:59:45 +0800 (一, 2012-03-05) | 1 行

add spanish voice
------------------------------------------------------------------------
r1058 | hgneng | 2011-03-12 14:41:47 +0800 (六, 2011-03-12) | 1 行

update festival to 2.1
------------------------------------------------------------------------
r554 | hgneng | 2010-02-15 23:19:47 +0800 (一, 2010-02-15) | 2 行

replace default voice ked_diphone with kal_diphone

------------------------------------------------------------------------
r534 | hgneng | 2010-02-07 22:11:18 +0800 (日, 2010-02-07) | 2 行

add rpmbuild and delete unknown_DebianGNULinux

------------------------------------------------------------------------
r362 | hgneng | 2009-07-03 00:27:43 +0800 (五, 2009-07-03) | 2 行

add festival voice

------------------------------------------------------------------------
