This file contains any messages produced by compilers while
running configure, to aid debugging if configure makes a mistake.

It was created by speech-dispatcher configure 0.7.1, which was
generated by GNU Autoconf 2.69.  Invocation command line was

  $ ./configure --libdir=/usr

## --------- ##
## Platform. ##
## --------- ##

hostname = hgneng-VirtualBox
uname -m = i686
uname -r = 3.13.0-24-generic
uname -s = Linux
uname -v = #46-Ubuntu SMP Thu Apr 10 19:08:14 UTC 2014

/usr/bin/uname -p = unknown
/bin/uname -X     = unknown

/bin/arch              = unknown
/usr/bin/arch -k       = unknown
/usr/convex/getsysinfo = unknown
/usr/bin/hostinfo      = unknown
/bin/machine           = unknown
/usr/bin/oslevel       = unknown
/bin/universe          = unknown

PATH: /usr/local/sbin
PATH: /usr/local/bin
PATH: /usr/sbin
PATH: /usr/bin
PATH: /sbin
PATH: /bin
PATH: /usr/games
PATH: /usr/local/games


## ----------- ##
## Core tests. ##
## ----------- ##

configure:2494: checking for gcc
configure:2510: found /usr/bin/gcc
configure:2521: result: gcc
configure:2750: checking for C compiler version
configure:2759: gcc --version >&5
gcc (Ubuntu 4.8.2-19ubuntu1) 4.8.2
Copyright (C) 2013 Free Software Foundation, Inc.
This is free software; see the source for copying conditions.  There is NO
warranty; not even for MERCHANTABILITY or FITNESS FOR A PARTICULAR PURPOSE.

configure:2770: $? = 0
configure:2759: gcc -v >&5
Using built-in specs.
COLLECT_GCC=gcc
COLLECT_LTO_WRAPPER=/usr/lib/gcc/i686-linux-gnu/4.8/lto-wrapper
Target: i686-linux-gnu
Configured with: ../src/configure -v --with-pkgversion='Ubuntu 4.8.2-19ubuntu1' --with-bugurl=file:///usr/share/doc/gcc-4.8/README.Bugs --enable-languages=c,c++,java,go,d,fortran,objc,obj-c++ --prefix=/usr --program-suffix=-4.8 --enable-shared --enable-linker-build-id --libexecdir=/usr/lib --without-included-gettext --enable-threads=posix --with-gxx-include-dir=/usr/include/c++/4.8 --libdir=/usr/lib --enable-nls --with-sysroot=/ --enable-clocale=gnu --enable-libstdcxx-debug --enable-libstdcxx-time=yes --enable-gnu-unique-object --disable-libmudflap --enable-plugin --with-system-zlib --disable-browser-plugin --enable-java-awt=gtk --enable-gtk-cairo --with-java-home=/usr/lib/jvm/java-1.5.0-gcj-4.8-i386/jre --enable-java-home --with-jvm-root-dir=/usr/lib/jvm/java-1.5.0-gcj-4.8-i386 --with-jvm-jar-dir=/usr/lib/jvm-exports/java-1.5.0-gcj-4.8-i386 --with-arch-directory=i386 --with-ecj-jar=/usr/share/java/eclipse-ecj.jar --enable-objc-gc --enable-targets=all --enable-multiarch --disable-werror --with-arch-32=i686 --with-multilib-list=m32,m64,mx32 --with-tune=generic --enable-checking=release --build=i686-linux-gnu --host=i686-linux-gnu --target=i686-linux-gnu
Thread model: posix
gcc version 4.8.2 (Ubuntu 4.8.2-19ubuntu1) 
configure:2770: $? = 0
configure:2759: gcc -V >&5
gcc: error: unrecognized command line option '-V'
gcc: fatal error: no input files
compilation terminated.
configure:2770: $? = 4
configure:2759: gcc -qversion >&5
gcc: error: unrecognized command line option '-qversion'
gcc: fatal error: no input files
compilation terminated.
configure:2770: $? = 4
configure:2790: checking whether the C compiler works
configure:2812: gcc    conftest.c  >&5
configure:2816: $? = 0
configure:2864: result: yes
configure:2867: checking for C compiler default output file name
configure:2869: result: a.out
configure:2875: checking for suffix of executables
configure:2882: gcc -o conftest    conftest.c  >&5
configure:2886: $? = 0
configure:2908: result: 
configure:2930: checking whether we are cross compiling
configure:2938: gcc -o conftest    conftest.c  >&5
configure:2942: $? = 0
configure:2949: ./conftest
configure:2953: $? = 0
configure:2968: result: no
configure:2973: checking for suffix of object files
configure:2995: gcc -c   conftest.c >&5
configure:2999: $? = 0
configure:3020: result: o
configure:3024: checking whether we are using the GNU C compiler
configure:3043: gcc -c   conftest.c >&5
configure:3043: $? = 0
configure:3052: result: yes
configure:3061: checking whether gcc accepts -g
configure:3081: gcc -c -g  conftest.c >&5
configure:3081: $? = 0
configure:3122: result: yes
configure:3139: checking for gcc option to accept ISO C89
configure:3202: gcc  -c -g -O2  conftest.c >&5
configure:3202: $? = 0
configure:3215: result: none needed
configure:3243: checking whether gcc understands -c and -o together
configure:3265: gcc -c conftest.c -o conftest2.o
configure:3268: $? = 0
configure:3265: gcc -c conftest.c -o conftest2.o
configure:3268: $? = 0
configure:3280: result: yes
configure:3356: checking for g++
configure:3372: found /usr/bin/g++
configure:3383: result: g++
configure:3410: checking for C++ compiler version
configure:3419: g++ --version >&5
g++ (Ubuntu 4.8.2-19ubuntu1) 4.8.2
Copyright (C) 2013 Free Software Foundation, Inc.
This is free software; see the source for copying conditions.  There is NO
warranty; not even for MERCHANTABILITY or FITNESS FOR A PARTICULAR PURPOSE.

configure:3430: $? = 0
configure:3419: g++ -v >&5
Using built-in specs.
COLLECT_GCC=g++
COLLECT_LTO_WRAPPER=/usr/lib/gcc/i686-linux-gnu/4.8/lto-wrapper
Target: i686-linux-gnu
Configured with: ../src/configure -v --with-pkgversion='Ubuntu 4.8.2-19ubuntu1' --with-bugurl=file:///usr/share/doc/gcc-4.8/README.Bugs --enable-languages=c,c++,java,go,d,fortran,objc,obj-c++ --prefix=/usr --program-suffix=-4.8 --enable-shared --enable-linker-build-id --libexecdir=/usr/lib --without-included-gettext --enable-threads=posix --with-gxx-include-dir=/usr/include/c++/4.8 --libdir=/usr/lib --enable-nls --with-sysroot=/ --enable-clocale=gnu --enable-libstdcxx-debug --enable-libstdcxx-time=yes --enable-gnu-unique-object --disable-libmudflap --enable-plugin --with-system-zlib --disable-browser-plugin --enable-java-awt=gtk --enable-gtk-cairo --with-java-home=/usr/lib/jvm/java-1.5.0-gcj-4.8-i386/jre --enable-java-home --with-jvm-root-dir=/usr/lib/jvm/java-1.5.0-gcj-4.8-i386 --with-jvm-jar-dir=/usr/lib/jvm-exports/java-1.5.0-gcj-4.8-i386 --with-arch-directory=i386 --with-ecj-jar=/usr/share/java/eclipse-ecj.jar --enable-objc-gc --enable-targets=all --enable-multiarch --disable-werror --with-arch-32=i686 --with-multilib-list=m32,m64,mx32 --with-tune=generic --enable-checking=release --build=i686-linux-gnu --host=i686-linux-gnu --target=i686-linux-gnu
Thread model: posix
gcc version 4.8.2 (Ubuntu 4.8.2-19ubuntu1) 
configure:3430: $? = 0
configure:3419: g++ -V >&5
g++: error: unrecognized command line option '-V'
g++: fatal error: no input files
compilation terminated.
configure:3430: $? = 4
configure:3419: g++ -qversion >&5
g++: error: unrecognized command line option '-qversion'
g++: fatal error: no input files
compilation terminated.
configure:3430: $? = 4
configure:3434: checking whether we are using the GNU C++ compiler
configure:3453: g++ -c   conftest.cpp >&5
configure:3453: $? = 0
configure:3462: result: yes
configure:3471: checking whether g++ accepts -g
configure:3491: g++ -c -g  conftest.cpp >&5
configure:3491: $? = 0
configure:3532: result: yes
configure:3601: checking for a BSD-compatible install
configure:3669: result: /usr/bin/install -c
configure:3680: checking whether build environment is sane
configure:3735: result: yes
configure:3770: WARNING: 'missing' script is too old or missing
configure:3883: checking for a thread-safe mkdir -p
configure:3922: result: /bin/mkdir -p
configure:3929: checking for gawk
configure:3959: result: no
configure:3929: checking for mawk
configure:3945: found /usr/bin/mawk
configure:3956: result: mawk
configure:3967: checking whether make sets $(MAKE)
configure:3989: result: yes
configure:4019: checking for style of include used by make
configure:4047: result: GNU
configure:4081: checking whether make supports nested variables
configure:4098: result: yes
configure:4183: checking dependency style of gcc
configure:4294: result: gcc3
configure:4311: checking dependency style of g++
configure:4422: result: gcc3
configure:4498: checking how to run the C preprocessor
configure:4529: gcc -E  conftest.c
configure:4529: $? = 0
configure:4543: gcc -E  conftest.c
conftest.c:11:28: fatal error: ac_nonexistent.h: No such file or directory
 #include <ac_nonexistent.h>
                            ^
compilation terminated.
configure:4543: $? = 1
configure: failed program was:
| /* confdefs.h */
| #define PACKAGE_NAME "speech-dispatcher"
| #define PACKAGE_TARNAME "speech-dispatcher"
| #define PACKAGE_VERSION "0.7.1"
| #define PACKAGE_STRING "speech-dispatcher 0.7.1"
| #define PACKAGE_BUGREPORT "speechd@lists.freebsoft.org"
| #define PACKAGE_URL ""
| #define PACKAGE "speech-dispatcher"
| #define VERSION "0.7.1"
| /* end confdefs.h.  */
| #include <ac_nonexistent.h>
configure:4568: result: gcc -E
configure:4588: gcc -E  conftest.c
configure:4588: $? = 0
configure:4602: gcc -E  conftest.c
conftest.c:11:28: fatal error: ac_nonexistent.h: No such file or directory
 #include <ac_nonexistent.h>
                            ^
compilation terminated.
configure:4602: $? = 1
configure: failed program was:
| /* confdefs.h */
| #define PACKAGE_NAME "speech-dispatcher"
| #define PACKAGE_TARNAME "speech-dispatcher"
| #define PACKAGE_VERSION "0.7.1"
| #define PACKAGE_STRING "speech-dispatcher 0.7.1"
| #define PACKAGE_BUGREPORT "speechd@lists.freebsoft.org"
| #define PACKAGE_URL ""
| #define PACKAGE "speech-dispatcher"
| #define VERSION "0.7.1"
| /* end confdefs.h.  */
| #include <ac_nonexistent.h>
configure:4631: checking for grep that handles long lines and -e
configure:4689: result: /bin/grep
configure:4694: checking for egrep
configure:4756: result: /bin/grep -E
configure:4761: checking for ANSI C header files
configure:4781: gcc -c -g -O2  conftest.c >&5
configure:4781: $? = 0
configure:4854: gcc -o conftest -g -O2   conftest.c  >&5
configure:4854: $? = 0
configure:4854: ./conftest
configure:4854: $? = 0
configure:4865: result: yes
configure:4878: checking for sys/types.h
configure:4878: gcc -c -g -O2  conftest.c >&5
configure:4878: $? = 0
configure:4878: result: yes
configure:4878: checking for sys/stat.h
configure:4878: gcc -c -g -O2  conftest.c >&5
configure:4878: $? = 0
configure:4878: result: yes
configure:4878: checking for stdlib.h
configure:4878: gcc -c -g -O2  conftest.c >&5
configure:4878: $? = 0
configure:4878: result: yes
configure:4878: checking for string.h
configure:4878: gcc -c -g -O2  conftest.c >&5
configure:4878: $? = 0
configure:4878: result: yes
configure:4878: checking for memory.h
configure:4878: gcc -c -g -O2  conftest.c >&5
configure:4878: $? = 0
configure:4878: result: yes
configure:4878: checking for strings.h
configure:4878: gcc -c -g -O2  conftest.c >&5
configure:4878: $? = 0
configure:4878: result: yes
configure:4878: checking for inttypes.h
configure:4878: gcc -c -g -O2  conftest.c >&5
configure:4878: $? = 0
configure:4878: result: yes
configure:4878: checking for stdint.h
configure:4878: gcc -c -g -O2  conftest.c >&5
configure:4878: $? = 0
configure:4878: result: yes
configure:4878: checking for unistd.h
configure:4878: gcc -c -g -O2  conftest.c >&5
configure:4878: $? = 0
configure:4878: result: yes
configure:4893: checking limits.h usability
configure:4893: gcc -c -g -O2  conftest.c >&5
configure:4893: $? = 0
configure:4893: result: yes
configure:4893: checking limits.h presence
configure:4893: gcc -E  conftest.c
configure:4893: $? = 0
configure:4893: result: yes
configure:4893: checking for limits.h
configure:4893: result: yes
configure:4893: checking sys/ioctl.h usability
configure:4893: gcc -c -g -O2  conftest.c >&5
configure:4893: $? = 0
configure:4893: result: yes
configure:4893: checking sys/ioctl.h presence
configure:4893: gcc -E  conftest.c
configure:4893: $? = 0
configure:4893: result: yes
configure:4893: checking for sys/ioctl.h
configure:4893: result: yes
configure:4893: checking sys/time.h usability
configure:4893: gcc -c -g -O2  conftest.c >&5
configure:4893: $? = 0
configure:4893: result: yes
configure:4893: checking sys/time.h presence
configure:4893: gcc -E  conftest.c
configure:4893: $? = 0
configure:4893: result: yes
configure:4893: checking for sys/time.h
configure:4893: result: yes
configure:4893: checking for unistd.h
configure:4893: result: yes
configure:4904: checking for an ANSI C-conforming const
configure:4970: gcc -c -g -O2  conftest.c >&5
configure:4970: $? = 0
configure:4977: result: yes
configure:4985: checking whether time.h and sys/time.h may both be included
configure:5005: gcc -c -g -O2  conftest.c >&5
configure:5005: $? = 0
configure:5012: result: yes
configure:5059: checking for a Python interpreter with version >= 2.4
configure:5076: python -c import sys # split strings by '.' and convert to numeric. Append some zeros # because we need at least 4 digits for the hex conversion. # map returns an iterator in Python 3.0 and a list in 2.x minver = list(map(int, '2.4'.split('.'))) + [0, 0, 0] minverhex = 0 # xrange is not present in Python 3.0 and range returns an iterator for i in list(range(0, 4)): minverhex = (minverhex << 8) + minver[i] sys.exit(sys.hexversion < minverhex)
configure:5079: $? = 0
configure:5085: result: python
configure:5093: checking for python
configure:5111: found /usr/bin/python
configure:5123: result: /usr/bin/python
configure:5146: checking for python version
configure:5153: result: 2.7
configure:5165: checking for python platform
configure:5172: result: linux2
configure:5198: checking for python script directory
configure:5233: result: ${prefix}/lib/python2.7/dist-packages
configure:5242: checking for python extension module directory
configure:5277: result: ${exec_prefix}/lib/python2.7/dist-packages
configure:5301: checking whether gcc needs -traditional
configure:5335: result: no
configure:5345: checking for select
configure:5345: gcc -o conftest -g -O2   conftest.c  >&5
configure:5345: $? = 0
configure:5345: result: yes
configure:5345: checking for socket
configure:5345: gcc -o conftest -g -O2   conftest.c  >&5
configure:5345: $? = 0
configure:5345: result: yes
configure:5356: checking whether make sets $(MAKE)
configure:5378: result: yes
configure:5417: checking build system type
configure:5431: result: i686-pc-linux-gnu
configure:5451: checking host system type
configure:5464: result: i686-pc-linux-gnu
configure:5505: checking how to print strings
configure:5532: result: printf
configure:5553: checking for a sed that does not truncate output
configure:5617: result: /bin/sed
configure:5635: checking for fgrep
configure:5697: result: /bin/grep -F
configure:5732: checking for ld used by gcc
configure:5799: result: /usr/bin/ld
configure:5806: checking if the linker (/usr/bin/ld) is GNU ld
configure:5821: result: yes
configure:5833: checking for BSD- or MS-compatible name lister (nm)
configure:5882: result: /usr/bin/nm -B
configure:6012: checking the name lister (/usr/bin/nm -B) interface
configure:6019: gcc -c -g -O2  conftest.c >&5
configure:6022: /usr/bin/nm -B "conftest.o"
configure:6025: output
00000000 B some_variable
configure:6032: result: BSD nm
configure:6035: checking whether ln -s works
configure:6039: result: yes
configure:6047: checking the maximum length of command line arguments
configure:6178: result: 805306365
configure:6195: checking whether the shell understands some XSI constructs
configure:6205: result: yes
configure:6209: checking whether the shell understands "+="
configure:6215: result: yes
configure:6250: checking how to convert i686-pc-linux-gnu file names to i686-pc-linux-gnu format
configure:6290: result: func_convert_file_noop
configure:6297: checking how to convert i686-pc-linux-gnu file names to toolchain format
configure:6317: result: func_convert_file_noop
configure:6324: checking for /usr/bin/ld option to reload object files
configure:6331: result: -r
configure:6405: checking for objdump
configure:6421: found /usr/bin/objdump
configure:6432: result: objdump
configure:6464: checking how to recognize dependent libraries
configure:6662: result: pass_all
configure:6747: checking for dlltool
configure:6777: result: no
configure:6807: checking how to associate runtime and link libraries
configure:6834: result: printf %s\n
configure:6894: checking for ar
configure:6910: found /usr/bin/ar
configure:6921: result: ar
configure:6958: checking for archiver @FILE support
configure:6975: gcc -c -g -O2  conftest.c >&5
configure:6975: $? = 0
configure:6978: ar cru libconftest.a @conftest.lst >&5
configure:6981: $? = 0
configure:6986: ar cru libconftest.a @conftest.lst >&5
ar: conftest.o: No such file or directory
configure:6989: $? = 1
configure:7001: result: @
configure:7059: checking for strip
configure:7075: found /usr/bin/strip
configure:7086: result: strip
configure:7158: checking for ranlib
configure:7174: found /usr/bin/ranlib
configure:7185: result: ranlib
configure:7287: checking command to parse /usr/bin/nm -B output from gcc object
configure:7407: gcc -c -g -O2  conftest.c >&5
configure:7410: $? = 0
configure:7414: /usr/bin/nm -B conftest.o \| sed -n -e 's/^.*[ ]\([ABCDGIRSTW][ABCDGIRSTW]*\)[ ][ ]*\([_A-Za-z][_A-Za-z0-9]*\)$/\1 \2 \2/p' | sed '/ __gnu_lto/d' \> conftest.nm
configure:7417: $? = 0
configure:7483: gcc -o conftest -g -O2   conftest.c conftstm.o >&5
configure:7486: $? = 0
configure:7524: result: ok
configure:7561: checking for sysroot
configure:7591: result: no
configure:7860: checking for mt
configure:7876: found /bin/mt
configure:7887: result: mt
configure:7910: checking if mt is a manifest tool
configure:7916: mt '-?'
configure:7924: result: no
configure:8563: checking for dlfcn.h
configure:8563: gcc -c -g -O2  conftest.c >&5
configure:8563: $? = 0
configure:8563: result: yes
configure:8780: checking for objdir
configure:8795: result: .libs
configure:9062: checking if gcc supports -fno-rtti -fno-exceptions
configure:9080: gcc -c -g -O2  -fno-rtti -fno-exceptions conftest.c >&5
cc1: warning: command line option '-fno-rtti' is valid for C++/ObjC++ but not for C [enabled by default]
configure:9084: $? = 0
configure:9097: result: no
configure:9424: checking for gcc option to produce PIC
configure:9431: result: -fPIC -DPIC
configure:9439: checking if gcc PIC flag -fPIC -DPIC works
configure:9457: gcc -c -g -O2  -fPIC -DPIC -DPIC conftest.c >&5
configure:9461: $? = 0
configure:9474: result: yes
configure:9503: checking if gcc static flag -static works
configure:9531: result: yes
configure:9546: checking if gcc supports -c -o file.o
configure:9567: gcc -c -g -O2  -o out/conftest2.o conftest.c >&5
configure:9571: $? = 0
configure:9593: result: yes
configure:9601: checking if gcc supports -c -o file.o
configure:9648: result: yes
configure:9681: checking whether the gcc linker (/usr/bin/ld) supports shared libraries
configure:10838: result: yes
configure:10875: checking whether -lc should be explicitly linked in
configure:10883: gcc -c -g -O2  conftest.c >&5
configure:10886: $? = 0
configure:10901: gcc -shared  -fPIC -DPIC conftest.o  -v -Wl,-soname -Wl,conftest -o conftest 2\>\&1 \| /bin/grep  -lc  \>/dev/null 2\>\&1
configure:10904: $? = 0
configure:10918: result: no
configure:11078: checking dynamic linker characteristics
configure:11578: gcc -o conftest -g -O2   -Wl,-rpath -Wl,/foo conftest.c  >&5
configure:11578: $? = 0
configure:11812: result: GNU/Linux ld.so
configure:11919: checking how to hardcode library paths into programs
configure:11944: result: immediate
configure:12484: checking whether stripping libraries is possible
configure:12489: result: yes
configure:12524: checking if libtool supports shared libraries
configure:12526: result: yes
configure:12529: checking whether to build shared libraries
configure:12550: result: yes
configure:12553: checking whether to build static libraries
configure:12557: result: yes
configure:12580: checking how to run the C++ preprocessor
configure:12607: g++ -E  conftest.cpp
configure:12607: $? = 0
configure:12621: g++ -E  conftest.cpp
conftest.cpp:30:28: fatal error: ac_nonexistent.h: No such file or directory
 #include <ac_nonexistent.h>
                            ^
compilation terminated.
configure:12621: $? = 1
configure: failed program was:
| /* confdefs.h */
| #define PACKAGE_NAME "speech-dispatcher"
| #define PACKAGE_TARNAME "speech-dispatcher"
| #define PACKAGE_VERSION "0.7.1"
| #define PACKAGE_STRING "speech-dispatcher 0.7.1"
| #define PACKAGE_BUGREPORT "speechd@lists.freebsoft.org"
| #define PACKAGE_URL ""
| #define PACKAGE "speech-dispatcher"
| #define VERSION "0.7.1"
| #define STDC_HEADERS 1
| #define HAVE_SYS_TYPES_H 1
| #define HAVE_SYS_STAT_H 1
| #define HAVE_STDLIB_H 1
| #define HAVE_STRING_H 1
| #define HAVE_MEMORY_H 1
| #define HAVE_STRINGS_H 1
| #define HAVE_INTTYPES_H 1
| #define HAVE_STDINT_H 1
| #define HAVE_UNISTD_H 1
| #define HAVE_LIMITS_H 1
| #define HAVE_SYS_IOCTL_H 1
| #define HAVE_SYS_TIME_H 1
| #define HAVE_UNISTD_H 1
| #define TIME_WITH_SYS_TIME 1
| #define HAVE_SELECT 1
| #define HAVE_SOCKET 1
| #define HAVE_DLFCN_H 1
| #define LT_OBJDIR ".libs/"
| /* end confdefs.h.  */
| #include <ac_nonexistent.h>
configure:12646: result: g++ -E
configure:12666: g++ -E  conftest.cpp
configure:12666: $? = 0
configure:12680: g++ -E  conftest.cpp
conftest.cpp:30:28: fatal error: ac_nonexistent.h: No such file or directory
 #include <ac_nonexistent.h>
                            ^
compilation terminated.
configure:12680: $? = 1
configure: failed program was:
| /* confdefs.h */
| #define PACKAGE_NAME "speech-dispatcher"
| #define PACKAGE_TARNAME "speech-dispatcher"
| #define PACKAGE_VERSION "0.7.1"
| #define PACKAGE_STRING "speech-dispatcher 0.7.1"
| #define PACKAGE_BUGREPORT "speechd@lists.freebsoft.org"
| #define PACKAGE_URL ""
| #define PACKAGE "speech-dispatcher"
| #define VERSION "0.7.1"
| #define STDC_HEADERS 1
| #define HAVE_SYS_TYPES_H 1
| #define HAVE_SYS_STAT_H 1
| #define HAVE_STDLIB_H 1
| #define HAVE_STRING_H 1
| #define HAVE_MEMORY_H 1
| #define HAVE_STRINGS_H 1
| #define HAVE_INTTYPES_H 1
| #define HAVE_STDINT_H 1
| #define HAVE_UNISTD_H 1
| #define HAVE_LIMITS_H 1
| #define HAVE_SYS_IOCTL_H 1
| #define HAVE_SYS_TIME_H 1
| #define HAVE_UNISTD_H 1
| #define TIME_WITH_SYS_TIME 1
| #define HAVE_SELECT 1
| #define HAVE_SOCKET 1
| #define HAVE_DLFCN_H 1
| #define LT_OBJDIR ".libs/"
| /* end confdefs.h.  */
| #include <ac_nonexistent.h>
configure:12849: checking for ld used by g++
configure:12916: result: /usr/bin/ld
configure:12923: checking if the linker (/usr/bin/ld) is GNU ld
configure:12938: result: yes
configure:12993: checking whether the g++ linker (/usr/bin/ld) supports shared libraries
configure:13995: result: yes
configure:14031: g++ -c -g -O2  conftest.cpp >&5
configure:14034: $? = 0
configure:14554: checking for g++ option to produce PIC
configure:14561: result: -fPIC -DPIC
configure:14569: checking if g++ PIC flag -fPIC -DPIC works
configure:14587: g++ -c -g -O2  -fPIC -DPIC -DPIC conftest.cpp >&5
configure:14591: $? = 0
configure:14604: result: yes
configure:14627: checking if g++ static flag -static works
configure:14655: result: yes
configure:14667: checking if g++ supports -c -o file.o
configure:14688: g++ -c -g -O2  -o out/conftest2.o conftest.cpp >&5
configure:14692: $? = 0
configure:14714: result: yes
configure:14719: checking if g++ supports -c -o file.o
configure:14766: result: yes
configure:14796: checking whether the g++ linker (/usr/bin/ld) supports shared libraries
configure:14835: result: yes
configure:14976: checking dynamic linker characteristics
configure:15644: result: GNU/Linux ld.so
configure:15697: checking how to hardcode library paths into programs
configure:15722: result: immediate
configure:15789: result: Fixing libtool for -rpath problems.
configure:15798: checking for sqrt in -lm
configure:15823: gcc -o conftest -g -O2   conftest.c -lm   >&5
conftest.c:37:6: warning: conflicting types for built-in function 'sqrt' [enabled by default]
 char sqrt ();
      ^
configure:15823: $? = 0
configure:15832: result: yes
configure:15840: checking for main in -ldl
configure:15859: gcc -o conftest -g -O2   conftest.c -ldl   >&5
configure:15859: $? = 0
configure:15868: result: yes
configure:15876: checking for main in -ldotconf
configure:15895: gcc -o conftest -g -O2   conftest.c -ldotconf   >&5
configure:15895: $? = 0
configure:15904: result: yes
configure:15912: checking for g_list_append in -lglib-2.0
configure:15937: gcc -o conftest -g -O2   conftest.c -lglib-2.0   >&5
configure:15937: $? = 0
configure:15946: result: yes
configure:15954: checking for pthread_create in -lpthread
configure:15979: gcc -o conftest -g -O2   conftest.c -lpthread   >&5
configure:15979: $? = 0
configure:15988: result: yes
configure:16051: checking for pkg-config
configure:16069: found /usr/bin/pkg-config
configure:16081: result: /usr/bin/pkg-config
configure:16106: checking pkg-config is at least version 0.9.0
configure:16109: result: yes
configure:16119: checking for SNDFILE
configure:16126: $PKG_CONFIG --exists --print-errors "sndfile >= 1.0.2"
configure:16129: $? = 0
configure:16143: $PKG_CONFIG --exists --print-errors "sndfile >= 1.0.2"
configure:16146: $? = 0
configure:16184: result: yes
configure:16198: checking for flite_init in -lflite
configure:16223: gcc -o conftest -g -O2   conftest.c -lflite -lm  >&5
/usr/bin/ld: cannot find -lflite
collect2: error: ld returned 1 exit status
configure:16223: $? = 1
configure: failed program was:
| /* confdefs.h */
| #define PACKAGE_NAME "speech-dispatcher"
| #define PACKAGE_TARNAME "speech-dispatcher"
| #define PACKAGE_VERSION "0.7.1"
| #define PACKAGE_STRING "speech-dispatcher 0.7.1"
| #define PACKAGE_BUGREPORT "speechd@lists.freebsoft.org"
| #define PACKAGE_URL ""
| #define PACKAGE "speech-dispatcher"
| #define VERSION "0.7.1"
| #define STDC_HEADERS 1
| #define HAVE_SYS_TYPES_H 1
| #define HAVE_SYS_STAT_H 1
| #define HAVE_STDLIB_H 1
| #define HAVE_STRING_H 1
| #define HAVE_MEMORY_H 1
| #define HAVE_STRINGS_H 1
| #define HAVE_INTTYPES_H 1
| #define HAVE_STDINT_H 1
| #define HAVE_UNISTD_H 1
| #define HAVE_LIMITS_H 1
| #define HAVE_SYS_IOCTL_H 1
| #define HAVE_SYS_TIME_H 1
| #define HAVE_UNISTD_H 1
| #define TIME_WITH_SYS_TIME 1
| #define HAVE_SELECT 1
| #define HAVE_SOCKET 1
| #define HAVE_DLFCN_H 1
| #define LT_OBJDIR ".libs/"
| #define HAVE_SNDFILE 1
| /* end confdefs.h.  */
| 
| /* Override any GCC internal prototype to avoid an error.
|    Use char because int might match the return type of a GCC
|    builtin and then its argument prototype would still apply.  */
| #ifdef __cplusplus
| extern "C"
| #endif
| char flite_init ();
| int
| main ()
| {
| return flite_init ();
|   ;
|   return 0;
| }
configure:16232: result: no
configure:16241: checking for cmu_lex_init in -lflite_cmulex
configure:16266: gcc -o conftest -g -O2   conftest.c -lflite_cmulex -lflite -lm  >&5
/usr/bin/ld: cannot find -lflite_cmulex
/usr/bin/ld: cannot find -lflite
collect2: error: ld returned 1 exit status
configure:16266: $? = 1
configure: failed program was:
| /* confdefs.h */
| #define PACKAGE_NAME "speech-dispatcher"
| #define PACKAGE_TARNAME "speech-dispatcher"
| #define PACKAGE_VERSION "0.7.1"
| #define PACKAGE_STRING "speech-dispatcher 0.7.1"
| #define PACKAGE_BUGREPORT "speechd@lists.freebsoft.org"
| #define PACKAGE_URL ""
| #define PACKAGE "speech-dispatcher"
| #define VERSION "0.7.1"
| #define STDC_HEADERS 1
| #define HAVE_SYS_TYPES_H 1
| #define HAVE_SYS_STAT_H 1
| #define HAVE_STDLIB_H 1
| #define HAVE_STRING_H 1
| #define HAVE_MEMORY_H 1
| #define HAVE_STRINGS_H 1
| #define HAVE_INTTYPES_H 1
| #define HAVE_STDINT_H 1
| #define HAVE_UNISTD_H 1
| #define HAVE_LIMITS_H 1
| #define HAVE_SYS_IOCTL_H 1
| #define HAVE_SYS_TIME_H 1
| #define HAVE_UNISTD_H 1
| #define TIME_WITH_SYS_TIME 1
| #define HAVE_SELECT 1
| #define HAVE_SOCKET 1
| #define HAVE_DLFCN_H 1
| #define LT_OBJDIR ".libs/"
| #define HAVE_SNDFILE 1
| /* end confdefs.h.  */
| 
| /* Override any GCC internal prototype to avoid an error.
|    Use char because int might match the return type of a GCC
|    builtin and then its argument prototype would still apply.  */
| #ifdef __cplusplus
| extern "C"
| #endif
| char cmu_lex_init ();
| int
| main ()
| {
| return cmu_lex_init ();
|   ;
|   return 0;
| }
configure:16275: result: no
configure:16284: checking for usenglish_init in -lflite_usenglish
configure:16309: gcc -o conftest -g -O2   conftest.c -lflite_usenglish -lflite -lm  >&5
/usr/bin/ld: cannot find -lflite_usenglish
/usr/bin/ld: cannot find -lflite
collect2: error: ld returned 1 exit status
configure:16309: $? = 1
configure: failed program was:
| /* confdefs.h */
| #define PACKAGE_NAME "speech-dispatcher"
| #define PACKAGE_TARNAME "speech-dispatcher"
| #define PACKAGE_VERSION "0.7.1"
| #define PACKAGE_STRING "speech-dispatcher 0.7.1"
| #define PACKAGE_BUGREPORT "speechd@lists.freebsoft.org"
| #define PACKAGE_URL ""
| #define PACKAGE "speech-dispatcher"
| #define VERSION "0.7.1"
| #define STDC_HEADERS 1
| #define HAVE_SYS_TYPES_H 1
| #define HAVE_SYS_STAT_H 1
| #define HAVE_STDLIB_H 1
| #define HAVE_STRING_H 1
| #define HAVE_MEMORY_H 1
| #define HAVE_STRINGS_H 1
| #define HAVE_INTTYPES_H 1
| #define HAVE_STDINT_H 1
| #define HAVE_UNISTD_H 1
| #define HAVE_LIMITS_H 1
| #define HAVE_SYS_IOCTL_H 1
| #define HAVE_SYS_TIME_H 1
| #define HAVE_UNISTD_H 1
| #define TIME_WITH_SYS_TIME 1
| #define HAVE_SELECT 1
| #define HAVE_SOCKET 1
| #define HAVE_DLFCN_H 1
| #define LT_OBJDIR ".libs/"
| #define HAVE_SNDFILE 1
| /* end confdefs.h.  */
| 
| /* Override any GCC internal prototype to avoid an error.
|    Use char because int might match the return type of a GCC
|    builtin and then its argument prototype would still apply.  */
| #ifdef __cplusplus
| extern "C"
| #endif
| char usenglish_init ();
| int
| main ()
| {
| return usenglish_init ();
|   ;
|   return 0;
| }
configure:16318: result: no
configure:16329: checking for register_cmu_us_kal in -lflite_cmu_us_kal16
configure:16354: gcc -o conftest -g -O2   conftest.c -lflite_cmu_us_kal16 -lflite_cmulex -lflite_usenglish -lflite -lm  >&5
/usr/bin/ld: cannot find -lflite_cmu_us_kal16
/usr/bin/ld: cannot find -lflite_cmulex
/usr/bin/ld: cannot find -lflite_usenglish
/usr/bin/ld: cannot find -lflite
collect2: error: ld returned 1 exit status
configure:16354: $? = 1
configure: failed program was:
| /* confdefs.h */
| #define PACKAGE_NAME "speech-dispatcher"
| #define PACKAGE_TARNAME "speech-dispatcher"
| #define PACKAGE_VERSION "0.7.1"
| #define PACKAGE_STRING "speech-dispatcher 0.7.1"
| #define PACKAGE_BUGREPORT "speechd@lists.freebsoft.org"
| #define PACKAGE_URL ""
| #define PACKAGE "speech-dispatcher"
| #define VERSION "0.7.1"
| #define STDC_HEADERS 1
| #define HAVE_SYS_TYPES_H 1
| #define HAVE_SYS_STAT_H 1
| #define HAVE_STDLIB_H 1
| #define HAVE_STRING_H 1
| #define HAVE_MEMORY_H 1
| #define HAVE_STRINGS_H 1
| #define HAVE_INTTYPES_H 1
| #define HAVE_STDINT_H 1
| #define HAVE_UNISTD_H 1
| #define HAVE_LIMITS_H 1
| #define HAVE_SYS_IOCTL_H 1
| #define HAVE_SYS_TIME_H 1
| #define HAVE_UNISTD_H 1
| #define TIME_WITH_SYS_TIME 1
| #define HAVE_SELECT 1
| #define HAVE_SOCKET 1
| #define HAVE_DLFCN_H 1
| #define LT_OBJDIR ".libs/"
| #define HAVE_SNDFILE 1
| /* end confdefs.h.  */
| 
| /* Override any GCC internal prototype to avoid an error.
|    Use char because int might match the return type of a GCC
|    builtin and then its argument prototype would still apply.  */
| #ifdef __cplusplus
| extern "C"
| #endif
| char register_cmu_us_kal ();
| int
| main ()
| {
| return register_cmu_us_kal ();
|   ;
|   return 0;
| }
configure:16363: result: no
configure:16368: checking for register_cmu_us_kal16 in -lflite_cmu_us_kal16
configure:16393: gcc -o conftest -g -O2   conftest.c -lflite_cmu_us_kal16 -lflite_cmulex -lflite_usenglish -lflite -lm  >&5
/usr/bin/ld: cannot find -lflite_cmu_us_kal16
/usr/bin/ld: cannot find -lflite_cmulex
/usr/bin/ld: cannot find -lflite_usenglish
/usr/bin/ld: cannot find -lflite
collect2: error: ld returned 1 exit status
configure:16393: $? = 1
configure: failed program was:
| /* confdefs.h */
| #define PACKAGE_NAME "speech-dispatcher"
| #define PACKAGE_TARNAME "speech-dispatcher"
| #define PACKAGE_VERSION "0.7.1"
| #define PACKAGE_STRING "speech-dispatcher 0.7.1"
| #define PACKAGE_BUGREPORT "speechd@lists.freebsoft.org"
| #define PACKAGE_URL ""
| #define PACKAGE "speech-dispatcher"
| #define VERSION "0.7.1"
| #define STDC_HEADERS 1
| #define HAVE_SYS_TYPES_H 1
| #define HAVE_SYS_STAT_H 1
| #define HAVE_STDLIB_H 1
| #define HAVE_STRING_H 1
| #define HAVE_MEMORY_H 1
| #define HAVE_STRINGS_H 1
| #define HAVE_INTTYPES_H 1
| #define HAVE_STDINT_H 1
| #define HAVE_UNISTD_H 1
| #define HAVE_LIMITS_H 1
| #define HAVE_SYS_IOCTL_H 1
| #define HAVE_SYS_TIME_H 1
| #define HAVE_UNISTD_H 1
| #define TIME_WITH_SYS_TIME 1
| #define HAVE_SELECT 1
| #define HAVE_SOCKET 1
| #define HAVE_DLFCN_H 1
| #define LT_OBJDIR ".libs/"
| #define HAVE_SNDFILE 1
| /* end confdefs.h.  */
| 
| /* Override any GCC internal prototype to avoid an error.
|    Use char because int might match the return type of a GCC
|    builtin and then its argument prototype would still apply.  */
| #ifdef __cplusplus
| extern "C"
| #endif
| char register_cmu_us_kal16 ();
| int
| main ()
| {
| return register_cmu_us_kal16 ();
|   ;
|   return 0;
| }
configure:16402: result: no
configure:16412: checking for register_cmu_us_kal in -lflite_cmu_us_kal
configure:16437: gcc -o conftest -g -O2   conftest.c -lflite_cmu_us_kal -lflite_cmulex -lflite_usenglish -lflite -lm  >&5
/usr/bin/ld: cannot find -lflite_cmu_us_kal
/usr/bin/ld: cannot find -lflite_cmulex
/usr/bin/ld: cannot find -lflite_usenglish
/usr/bin/ld: cannot find -lflite
collect2: error: ld returned 1 exit status
configure:16437: $? = 1
configure: failed program was:
| /* confdefs.h */
| #define PACKAGE_NAME "speech-dispatcher"
| #define PACKAGE_TARNAME "speech-dispatcher"
| #define PACKAGE_VERSION "0.7.1"
| #define PACKAGE_STRING "speech-dispatcher 0.7.1"
| #define PACKAGE_BUGREPORT "speechd@lists.freebsoft.org"
| #define PACKAGE_URL ""
| #define PACKAGE "speech-dispatcher"
| #define VERSION "0.7.1"
| #define STDC_HEADERS 1
| #define HAVE_SYS_TYPES_H 1
| #define HAVE_SYS_STAT_H 1
| #define HAVE_STDLIB_H 1
| #define HAVE_STRING_H 1
| #define HAVE_MEMORY_H 1
| #define HAVE_STRINGS_H 1
| #define HAVE_INTTYPES_H 1
| #define HAVE_STDINT_H 1
| #define HAVE_UNISTD_H 1
| #define HAVE_LIMITS_H 1
| #define HAVE_SYS_IOCTL_H 1
| #define HAVE_SYS_TIME_H 1
| #define HAVE_UNISTD_H 1
| #define TIME_WITH_SYS_TIME 1
| #define HAVE_SELECT 1
| #define HAVE_SOCKET 1
| #define HAVE_DLFCN_H 1
| #define LT_OBJDIR ".libs/"
| #define HAVE_SNDFILE 1
| /* end confdefs.h.  */
| 
| /* Override any GCC internal prototype to avoid an error.
|    Use char because int might match the return type of a GCC
|    builtin and then its argument prototype would still apply.  */
| #ifdef __cplusplus
| extern "C"
| #endif
| char register_cmu_us_kal ();
| int
| main ()
| {
| return register_cmu_us_kal ();
|   ;
|   return 0;
| }
configure:16446: result: no
configure:16487: checking for eciStop in -libmeci
configure:16512: gcc -o conftest -g -O2   conftest.c -libmeci -libmeci  >&5
/usr/bin/ld: cannot find -libmeci
/usr/bin/ld: cannot find -libmeci
collect2: error: ld returned 1 exit status
configure:16512: $? = 1
configure: failed program was:
| /* confdefs.h */
| #define PACKAGE_NAME "speech-dispatcher"
| #define PACKAGE_TARNAME "speech-dispatcher"
| #define PACKAGE_VERSION "0.7.1"
| #define PACKAGE_STRING "speech-dispatcher 0.7.1"
| #define PACKAGE_BUGREPORT "speechd@lists.freebsoft.org"
| #define PACKAGE_URL ""
| #define PACKAGE "speech-dispatcher"
| #define VERSION "0.7.1"
| #define STDC_HEADERS 1
| #define HAVE_SYS_TYPES_H 1
| #define HAVE_SYS_STAT_H 1
| #define HAVE_STDLIB_H 1
| #define HAVE_STRING_H 1
| #define HAVE_MEMORY_H 1
| #define HAVE_STRINGS_H 1
| #define HAVE_INTTYPES_H 1
| #define HAVE_STDINT_H 1
| #define HAVE_UNISTD_H 1
| #define HAVE_LIMITS_H 1
| #define HAVE_SYS_IOCTL_H 1
| #define HAVE_SYS_TIME_H 1
| #define HAVE_UNISTD_H 1
| #define TIME_WITH_SYS_TIME 1
| #define HAVE_SELECT 1
| #define HAVE_SOCKET 1
| #define HAVE_DLFCN_H 1
| #define LT_OBJDIR ".libs/"
| #define HAVE_SNDFILE 1
| /* end confdefs.h.  */
| 
| /* Override any GCC internal prototype to avoid an error.
|    Use char because int might match the return type of a GCC
|    builtin and then its argument prototype would still apply.  */
| #ifdef __cplusplus
| extern "C"
| #endif
| char eciStop ();
| int
| main ()
| {
| return eciStop ();
|   ;
|   return 0;
| }
configure:16521: result: no
configure:16566: checking for espeak_Synth in -lespeak
configure:16591: gcc -o conftest -g -O2   conftest.c -lespeak -lpthread -lm  >&5
/usr/bin/ld: cannot find -lespeak
collect2: error: ld returned 1 exit status
configure:16591: $? = 1
configure: failed program was:
| /* confdefs.h */
| #define PACKAGE_NAME "speech-dispatcher"
| #define PACKAGE_TARNAME "speech-dispatcher"
| #define PACKAGE_VERSION "0.7.1"
| #define PACKAGE_STRING "speech-dispatcher 0.7.1"
| #define PACKAGE_BUGREPORT "speechd@lists.freebsoft.org"
| #define PACKAGE_URL ""
| #define PACKAGE "speech-dispatcher"
| #define VERSION "0.7.1"
| #define STDC_HEADERS 1
| #define HAVE_SYS_TYPES_H 1
| #define HAVE_SYS_STAT_H 1
| #define HAVE_STDLIB_H 1
| #define HAVE_STRING_H 1
| #define HAVE_MEMORY_H 1
| #define HAVE_STRINGS_H 1
| #define HAVE_INTTYPES_H 1
| #define HAVE_STDINT_H 1
| #define HAVE_UNISTD_H 1
| #define HAVE_LIMITS_H 1
| #define HAVE_SYS_IOCTL_H 1
| #define HAVE_SYS_TIME_H 1
| #define HAVE_UNISTD_H 1
| #define TIME_WITH_SYS_TIME 1
| #define HAVE_SELECT 1
| #define HAVE_SOCKET 1
| #define HAVE_DLFCN_H 1
| #define LT_OBJDIR ".libs/"
| #define HAVE_SNDFILE 1
| /* end confdefs.h.  */
| 
| /* Override any GCC internal prototype to avoid an error.
|    Use char because int might match the return type of a GCC
|    builtin and then its argument prototype would still apply.  */
| #ifdef __cplusplus
| extern "C"
| #endif
| char espeak_Synth ();
| int
| main ()
| {
| return espeak_Synth ();
|   ;
|   return 0;
| }
configure:16600: result: no
configure:16633: checking for dumbtts_TTSInit in -ldumbtts
configure:16658: gcc -o conftest -g -O2   conftest.c -ldumbtts -ldumbtts  >&5
/usr/bin/ld: cannot find -ldumbtts
/usr/bin/ld: cannot find -ldumbtts
collect2: error: ld returned 1 exit status
configure:16658: $? = 1
configure: failed program was:
| /* confdefs.h */
| #define PACKAGE_NAME "speech-dispatcher"
| #define PACKAGE_TARNAME "speech-dispatcher"
| #define PACKAGE_VERSION "0.7.1"
| #define PACKAGE_STRING "speech-dispatcher 0.7.1"
| #define PACKAGE_BUGREPORT "speechd@lists.freebsoft.org"
| #define PACKAGE_URL ""
| #define PACKAGE "speech-dispatcher"
| #define VERSION "0.7.1"
| #define STDC_HEADERS 1
| #define HAVE_SYS_TYPES_H 1
| #define HAVE_SYS_STAT_H 1
| #define HAVE_STDLIB_H 1
| #define HAVE_STRING_H 1
| #define HAVE_MEMORY_H 1
| #define HAVE_STRINGS_H 1
| #define HAVE_INTTYPES_H 1
| #define HAVE_STDINT_H 1
| #define HAVE_UNISTD_H 1
| #define HAVE_LIMITS_H 1
| #define HAVE_SYS_IOCTL_H 1
| #define HAVE_SYS_TIME_H 1
| #define HAVE_UNISTD_H 1
| #define TIME_WITH_SYS_TIME 1
| #define HAVE_SELECT 1
| #define HAVE_SOCKET 1
| #define HAVE_DLFCN_H 1
| #define LT_OBJDIR ".libs/"
| #define HAVE_SNDFILE 1
| /* end confdefs.h.  */
| 
| /* Override any GCC internal prototype to avoid an error.
|    Use char because int might match the return type of a GCC
|    builtin and then its argument prototype would still apply.  */
| #ifdef __cplusplus
| extern "C"
| #endif
| char dumbtts_TTSInit ();
| int
| main ()
| {
| return dumbtts_TTSInit ();
|   ;
|   return 0;
| }
configure:16667: result: no
configure:16700: checking for AuOpenServer in -laudio
configure:16725: gcc -o conftest -g -O2   conftest.c -laudio -L/usr/X11R6/lib -lXau  >&5
/usr/bin/ld: cannot find -laudio
/usr/bin/ld: cannot find -lXau
collect2: error: ld returned 1 exit status
configure:16725: $? = 1
configure: failed program was:
| /* confdefs.h */
| #define PACKAGE_NAME "speech-dispatcher"
| #define PACKAGE_TARNAME "speech-dispatcher"
| #define PACKAGE_VERSION "0.7.1"
| #define PACKAGE_STRING "speech-dispatcher 0.7.1"
| #define PACKAGE_BUGREPORT "speechd@lists.freebsoft.org"
| #define PACKAGE_URL ""
| #define PACKAGE "speech-dispatcher"
| #define VERSION "0.7.1"
| #define STDC_HEADERS 1
| #define HAVE_SYS_TYPES_H 1
| #define HAVE_SYS_STAT_H 1
| #define HAVE_STDLIB_H 1
| #define HAVE_STRING_H 1
| #define HAVE_MEMORY_H 1
| #define HAVE_STRINGS_H 1
| #define HAVE_INTTYPES_H 1
| #define HAVE_STDINT_H 1
| #define HAVE_UNISTD_H 1
| #define HAVE_LIMITS_H 1
| #define HAVE_SYS_IOCTL_H 1
| #define HAVE_SYS_TIME_H 1
| #define HAVE_UNISTD_H 1
| #define TIME_WITH_SYS_TIME 1
| #define HAVE_SELECT 1
| #define HAVE_SOCKET 1
| #define HAVE_DLFCN_H 1
| #define LT_OBJDIR ".libs/"
| #define HAVE_SNDFILE 1
| /* end confdefs.h.  */
| 
| /* Override any GCC internal prototype to avoid an error.
|    Use char because int might match the return type of a GCC
|    builtin and then its argument prototype would still apply.  */
| #ifdef __cplusplus
| extern "C"
| #endif
| char AuOpenServer ();
| int
| main ()
| {
| return AuOpenServer ();
|   ;
|   return 0;
| }
configure:16734: result: no
configure:16767: checking sys/soundcard.h usability
configure:16767: gcc -c -g -O2  conftest.c >&5
configure:16767: $? = 0
configure:16767: result: yes
configure:16767: checking sys/soundcard.h presence
configure:16767: gcc -E  conftest.c
configure:16767: $? = 0
configure:16767: result: yes
configure:16767: checking for sys/soundcard.h
configure:16767: result: yes
configure:16799: checking for ao_play in -lao
configure:16824: gcc -o conftest -g -O2   conftest.c -lao   >&5
/usr/bin/ld: cannot find -lao
collect2: error: ld returned 1 exit status
configure:16824: $? = 1
configure: failed program was:
| /* confdefs.h */
| #define PACKAGE_NAME "speech-dispatcher"
| #define PACKAGE_TARNAME "speech-dispatcher"
| #define PACKAGE_VERSION "0.7.1"
| #define PACKAGE_STRING "speech-dispatcher 0.7.1"
| #define PACKAGE_BUGREPORT "speechd@lists.freebsoft.org"
| #define PACKAGE_URL ""
| #define PACKAGE "speech-dispatcher"
| #define VERSION "0.7.1"
| #define STDC_HEADERS 1
| #define HAVE_SYS_TYPES_H 1
| #define HAVE_SYS_STAT_H 1
| #define HAVE_STDLIB_H 1
| #define HAVE_STRING_H 1
| #define HAVE_MEMORY_H 1
| #define HAVE_STRINGS_H 1
| #define HAVE_INTTYPES_H 1
| #define HAVE_STDINT_H 1
| #define HAVE_UNISTD_H 1
| #define HAVE_LIMITS_H 1
| #define HAVE_SYS_IOCTL_H 1
| #define HAVE_SYS_TIME_H 1
| #define HAVE_UNISTD_H 1
| #define TIME_WITH_SYS_TIME 1
| #define HAVE_SELECT 1
| #define HAVE_SOCKET 1
| #define HAVE_DLFCN_H 1
| #define LT_OBJDIR ".libs/"
| #define HAVE_SNDFILE 1
| /* end confdefs.h.  */
| 
| /* Override any GCC internal prototype to avoid an error.
|    Use char because int might match the return type of a GCC
|    builtin and then its argument prototype would still apply.  */
| #ifdef __cplusplus
| extern "C"
| #endif
| char ao_play ();
| int
| main ()
| {
| return ao_play ();
|   ;
|   return 0;
| }
configure:16833: result: no
configure:16867: checking for snd_pcm_open in -lasound
configure:16892: gcc -o conftest -g -O2   conftest.c -lasound   >&5
configure:16892: $? = 0
configure:16901: result: yes
configure:16934: checking for pa_threaded_mainloop_new in -lpulse
configure:16959: gcc -o conftest -g -O2   conftest.c -lpulse -lpulse  >&5
configure:16959: $? = 0
configure:16968: result: yes
configure:17181: checking that generated files are newer than configure
configure:17187: result: done
configure:17254: creating ./config.status

## ---------------------- ##
## Running config.status. ##
## ---------------------- ##

This file was extended by speech-dispatcher config.status 0.7.1, which was
generated by GNU Autoconf 2.69.  Invocation command line was

  CONFIG_FILES    = 
  CONFIG_HEADERS  = 
  CONFIG_LINKS    = 
  CONFIG_COMMANDS = 
  $ ./config.status 

on hgneng-VirtualBox

config.status:1230: creating Makefile
config.status:1230: creating src/Makefile
config.status:1230: creating src/server/Makefile
config.status:1230: creating src/modules/Makefile
config.status:1230: creating src/c/Makefile
config.status:1230: creating src/c/api/Makefile
config.status:1230: creating src/c/clients/Makefile
config.status:1230: creating src/c/clients/say/Makefile
config.status:1230: creating src/c/clients/spdsend/Makefile
config.status:1230: creating src/tests/Makefile
config.status:1230: creating src/audio/Makefile
config.status:1230: creating config/Makefile
config.status:1230: creating config/modules/Makefile
config.status:1230: creating config/clients/Makefile
config.status:1230: creating doc/Makefile
config.status:1230: creating src/python/Makefile
config.status:1230: creating src/python/speechd/Makefile
config.status:1230: creating src/python/speechd_config/Makefile
config.status:1230: creating config.h
config.status:1411: config.h is unchanged
config.status:1459: executing depfiles commands
config.status:1459: executing libtool commands

## ---------------- ##
## Cache variables. ##
## ---------------- ##

ac_cv_build=i686-pc-linux-gnu
ac_cv_c_compiler_gnu=yes
ac_cv_c_const=yes
ac_cv_cxx_compiler_gnu=yes
ac_cv_env_CCC_set=
ac_cv_env_CCC_value=
ac_cv_env_CC_set=
ac_cv_env_CC_value=
ac_cv_env_CFLAGS_set=
ac_cv_env_CFLAGS_value=
ac_cv_env_CPPFLAGS_set=
ac_cv_env_CPPFLAGS_value=
ac_cv_env_CPP_set=
ac_cv_env_CPP_value=
ac_cv_env_CXXCPP_set=
ac_cv_env_CXXCPP_value=
ac_cv_env_CXXFLAGS_set=
ac_cv_env_CXXFLAGS_value=
ac_cv_env_CXX_set=
ac_cv_env_CXX_value=
ac_cv_env_LDFLAGS_set=
ac_cv_env_LDFLAGS_value=
ac_cv_env_LIBS_set=
ac_cv_env_LIBS_value=
ac_cv_env_PKG_CONFIG_LIBDIR_set=
ac_cv_env_PKG_CONFIG_LIBDIR_value=
ac_cv_env_PKG_CONFIG_PATH_set=
ac_cv_env_PKG_CONFIG_PATH_value=
ac_cv_env_PKG_CONFIG_set=
ac_cv_env_PKG_CONFIG_value=
ac_cv_env_PYTHON_set=
ac_cv_env_PYTHON_value=
ac_cv_env_SNDFILE_CFLAGS_set=
ac_cv_env_SNDFILE_CFLAGS_value=
ac_cv_env_SNDFILE_LIBS_set=
ac_cv_env_SNDFILE_LIBS_value=
ac_cv_env_build_alias_set=
ac_cv_env_build_alias_value=
ac_cv_env_host_alias_set=
ac_cv_env_host_alias_value=
ac_cv_env_target_alias_set=
ac_cv_env_target_alias_value=
ac_cv_func_select=yes
ac_cv_func_socket=yes
ac_cv_header_dlfcn_h=yes
ac_cv_header_inttypes_h=yes
ac_cv_header_limits_h=yes
ac_cv_header_memory_h=yes
ac_cv_header_stdc=yes
ac_cv_header_stdint_h=yes
ac_cv_header_stdlib_h=yes
ac_cv_header_string_h=yes
ac_cv_header_strings_h=yes
ac_cv_header_sys_ioctl_h=yes
ac_cv_header_sys_soundcard_h=yes
ac_cv_header_sys_stat_h=yes
ac_cv_header_sys_time_h=yes
ac_cv_header_sys_types_h=yes
ac_cv_header_time=yes
ac_cv_header_unistd_h=yes
ac_cv_host=i686-pc-linux-gnu
ac_cv_lib_ao_ao_play=no
ac_cv_lib_asound_snd_pcm_open=yes
ac_cv_lib_audio_AuOpenServer=no
ac_cv_lib_dl_main=yes
ac_cv_lib_dotconf_main=yes
ac_cv_lib_dumbtts_dumbtts_TTSInit=no
ac_cv_lib_espeak_espeak_Synth=no
ac_cv_lib_flite_cmu_us_kal16_register_cmu_us_kal16=no
ac_cv_lib_flite_cmu_us_kal16_register_cmu_us_kal=no
ac_cv_lib_flite_cmu_us_kal_register_cmu_us_kal=no
ac_cv_lib_flite_cmulex_cmu_lex_init=no
ac_cv_lib_flite_flite_init=no
ac_cv_lib_flite_usenglish_usenglish_init=no
ac_cv_lib_glib_2_0_g_list_append=yes
ac_cv_lib_ibmeci_eciStop=no
ac_cv_lib_m_sqrt=yes
ac_cv_lib_pthread_pthread_create=yes
ac_cv_lib_pulse_pa_threaded_mainloop_new=yes
ac_cv_objext=o
ac_cv_path_EGREP='/bin/grep -E'
ac_cv_path_FGREP='/bin/grep -F'
ac_cv_path_GREP=/bin/grep
ac_cv_path_PYTHON=/usr/bin/python
ac_cv_path_SED=/bin/sed
ac_cv_path_ac_pt_PKG_CONFIG=/usr/bin/pkg-config
ac_cv_path_install='/usr/bin/install -c'
ac_cv_path_mkdir=/bin/mkdir
ac_cv_prog_AWK=mawk
ac_cv_prog_CPP='gcc -E'
ac_cv_prog_CXXCPP='g++ -E'
ac_cv_prog_ac_ct_AR=ar
ac_cv_prog_ac_ct_CC=gcc
ac_cv_prog_ac_ct_CXX=g++
ac_cv_prog_ac_ct_MANIFEST_TOOL=mt
ac_cv_prog_ac_ct_OBJDUMP=objdump
ac_cv_prog_ac_ct_RANLIB=ranlib
ac_cv_prog_ac_ct_STRIP=strip
ac_cv_prog_cc_c89=
ac_cv_prog_cc_g=yes
ac_cv_prog_cxx_g=yes
ac_cv_prog_gcc_traditional=no
ac_cv_prog_make_make_set=yes
ac_cv_sndfile=1
am_cv_CC_dependencies_compiler_type=gcc3
am_cv_CXX_dependencies_compiler_type=gcc3
am_cv_make_support_nested_variables=yes
am_cv_pathless_PYTHON=python
am_cv_prog_cc_c_o=yes
am_cv_python_platform=linux2
am_cv_python_pyexecdir='${exec_prefix}/lib/python2.7/dist-packages'
am_cv_python_pythondir='${prefix}/lib/python2.7/dist-packages'
am_cv_python_version=2.7
lt_cv_ar_at_file=@
lt_cv_archive_cmds_need_lc=no
lt_cv_deplibs_check_method=pass_all
lt_cv_file_magic_cmd='$MAGIC_CMD'
lt_cv_file_magic_test_file=
lt_cv_ld_reload_flag=-r
lt_cv_nm_interface='BSD nm'
lt_cv_objdir=.libs
lt_cv_path_LD=/usr/bin/ld
lt_cv_path_LDCXX=/usr/bin/ld
lt_cv_path_NM='/usr/bin/nm -B'
lt_cv_path_mainfest_tool=no
lt_cv_prog_compiler_c_o=yes
lt_cv_prog_compiler_c_o_CXX=yes
lt_cv_prog_compiler_pic='-fPIC -DPIC'
lt_cv_prog_compiler_pic_CXX='-fPIC -DPIC'
lt_cv_prog_compiler_pic_works=yes
lt_cv_prog_compiler_pic_works_CXX=yes
lt_cv_prog_compiler_rtti_exceptions=no
lt_cv_prog_compiler_static_works=yes
lt_cv_prog_compiler_static_works_CXX=yes
lt_cv_prog_gnu_ld=yes
lt_cv_prog_gnu_ldcxx=yes
lt_cv_sharedlib_from_linklib_cmd='printf %s\n'
lt_cv_shlibpath_overrides_runpath=no
lt_cv_sys_global_symbol_pipe='sed -n -e '\''s/^.*[	 ]\([ABCDGIRSTW][ABCDGIRSTW]*\)[	 ][	 ]*\([_A-Za-z][_A-Za-z0-9]*\)$/\1 \2 \2/p'\'' | sed '\''/ __gnu_lto/d'\'''
lt_cv_sys_global_symbol_to_c_name_address='sed -n -e '\''s/^: \([^ ]*\)[ ]*$/  {\"\1\", (void *) 0},/p'\'' -e '\''s/^[ABCDGIRSTW]* \([^ ]*\) \([^ ]*\)$/  {"\2", (void *) \&\2},/p'\'''
lt_cv_sys_global_symbol_to_c_name_address_lib_prefix='sed -n -e '\''s/^: \([^ ]*\)[ ]*$/  {\"\1\", (void *) 0},/p'\'' -e '\''s/^[ABCDGIRSTW]* \([^ ]*\) \(lib[^ ]*\)$/  {"\2", (void *) \&\2},/p'\'' -e '\''s/^[ABCDGIRSTW]* \([^ ]*\) \([^ ]*\)$/  {"lib\2", (void *) \&\2},/p'\'''
lt_cv_sys_global_symbol_to_cdecl='sed -n -e '\''s/^T .* \(.*\)$/extern int \1();/p'\'' -e '\''s/^[ABCDGIRSTW]* .* \(.*\)$/extern char \1;/p'\'''
lt_cv_sys_max_cmd_len=805306365
lt_cv_to_host_file_cmd=func_convert_file_noop
lt_cv_to_tool_file_cmd=func_convert_file_noop
pkg_cv_SNDFILE_CFLAGS=' '
pkg_cv_SNDFILE_LIBS='-lsndfile  '

## ----------------- ##
## Output variables. ##
## ----------------- ##

ACLOCAL='aclocal-1.14'
AMDEPBACKSLASH='\'
AMDEP_FALSE='#'
AMDEP_TRUE=''
AMTAR='$${TAR-tar}'
AM_BACKSLASH='\'
AM_DEFAULT_V='$(AM_DEFAULT_VERBOSITY)'
AM_DEFAULT_VERBOSITY='1'
AM_V='$(V)'
AR='ar'
AUTOCONF='autoconf'
AUTOHEADER='autoheader'
AUTOMAKE='automake-1.14'
AWK='mawk'
CC='gcc'
CCDEPMODE='depmode=gcc3'
CFLAGS='-g -O2'
CPP='gcc -E'
CPPFLAGS=''
CXX='g++'
CXXCPP='g++ -E'
CXXDEPMODE='depmode=gcc3'
CXXFLAGS='-g -O2'
CYGPATH_W='echo'
DEFS='-DHAVE_CONFIG_H'
DEPDIR='.deps'
DLLTOOL='false'
DSYMUTIL=''
DUMPBIN=''
ECHO_C=''
ECHO_N='-n'
ECHO_T=''
EGREP='/bin/grep -E'
ERROR_CFLAGS='-Wall'
EXEEXT=''
EXTRA_ESPEAK_LIBS='-lpthread -lm'
EXTRA_SOCKET_LIBS=''
FGREP='/bin/grep -F'
GREP='/bin/grep'
HAVE_PYTHON_FALSE='#'
HAVE_PYTHON_TRUE=''
INSTALL_DATA='${INSTALL} -m 644'
INSTALL_PROGRAM='${INSTALL}'
INSTALL_SCRIPT='${INSTALL}'
INSTALL_STRIP_PROGRAM='$(install_sh) -c -s'
LD='/usr/bin/ld'
LDFLAGS=''
LIBOBJS=''
LIBS=''
LIBTOOL='$(SHELL) $(top_builddir)/libtool'
LIB_SDAUDIO_AGE='0'
LIB_SDAUDIO_CURRENT='2'
LIB_SDAUDIO_REVISION='4'
LIB_SPD_AGE='3'
LIB_SPD_CURRENT='5'
LIB_SPD_REVISION='0'
LIPO=''
LN_S='ln -s'
LTLIBOBJS=''
MAKEINFO='makeinfo'
MANIFEST_TOOL=':'
MKDIR_P='/bin/mkdir -p'
NM='/usr/bin/nm -B'
NMEDIT=''
OBJDUMP='objdump'
OBJEXT='o'
OTOOL64=''
OTOOL=''
PACKAGE='speech-dispatcher'
PACKAGE_BUGREPORT='speechd@lists.freebsoft.org'
PACKAGE_NAME='speech-dispatcher'
PACKAGE_STRING='speech-dispatcher 0.7.1'
PACKAGE_TARNAME='speech-dispatcher'
PACKAGE_URL=''
PACKAGE_VERSION='0.7.1'
PATH_SEPARATOR=':'
PKG_CONFIG='/usr/bin/pkg-config'
PKG_CONFIG_LIBDIR=''
PKG_CONFIG_PATH=''
PYTHON='/usr/bin/python'
PYTHON_EXEC_PREFIX='${exec_prefix}'
PYTHON_PLATFORM='linux2'
PYTHON_PREFIX='${prefix}'
PYTHON_VERSION='2.7'
RANLIB='ranlib'
RDYNAMIC='-rdynamic'
RPATH='-rpath'
SED='/bin/sed'
SET_MAKE=''
SHELL='/bin/bash'
SNDFILE_CFLAGS=' '
SNDFILE_LIBS='-lsndfile  '
STRIP='strip'
VERSION='0.7.1'
ac_ct_AR='ar'
ac_ct_CC='gcc'
ac_ct_CXX='g++'
ac_ct_DUMPBIN=''
alsa_support_FALSE='#'
alsa_support_TRUE=''
am__EXEEXT_FALSE=''
am__EXEEXT_TRUE='#'
am__fastdepCC_FALSE='#'
am__fastdepCC_TRUE=''
am__fastdepCXX_FALSE='#'
am__fastdepCXX_TRUE=''
am__include='include'
am__isrc=''
am__leading_dot='.'
am__nodep='_no'
am__quote=''
am__tar='$${TAR-tar} chof - "$$tardir"'
am__untar='$${TAR-tar} xf -'
bindir='${exec_prefix}/bin'
build='i686-pc-linux-gnu'
build_alias=''
build_cpu='i686'
build_os='linux-gnu'
build_vendor='pc'
clientconfdir='${spdconfdir}/clients'
clientconforigdir='${spdconforigdir}/clients'
datadir='${datarootdir}'
datarootdir='${prefix}/share'
docdir='${datarootdir}/doc/${PACKAGE_TARNAME}'
dvidir='${docdir}'
espeak_support_FALSE=''
espeak_support_TRUE='#'
exec_prefix='${prefix}'
flite_basic='-lflite_cmulex -lflite_usenglish -lflite -lm'
flite_kal=''
flite_support_FALSE=''
flite_support_TRUE='#'
glib_include='-I/usr/include/glib-2.0 -I/usr/lib/i386-linux-gnu/glib-2.0/include  '
glib_libs='-lglib-2.0  '
gthread_libs='-pthread -lgthread-2.0 -lglib-2.0  '
host='i686-pc-linux-gnu'
host_alias=''
host_cpu='i686'
host_os='linux-gnu'
host_vendor='pc'
htmldir='${docdir}'
ibmtts_include=''
ibmtts_support_FALSE=''
ibmtts_support_TRUE='#'
includedir='${prefix}/include'
infodir='${datarootdir}/info'
install_sh='${SHELL} /home/hgneng/install-sh'
ivona_support_FALSE=''
ivona_support_TRUE='#'
libao_support_FALSE=''
libao_support_TRUE='#'
libdir='/usr'
libexecdir='${exec_prefix}/libexec'
localedir='${datarootdir}/locale'
localstatedir='${prefix}/var'
mandir='${datarootdir}/man'
mkdir_p='$(MKDIR_P)'
modulebindir='${libdir}/speech-dispatcher-modules'
moduleconfdir='${spdconfdir}/modules'
moduleconforigdir='${spdconforigdir}/modules'
nas_support_FALSE=''
nas_support_TRUE='#'
oldincludedir='/usr/include'
oss_support_FALSE='#'
oss_support_TRUE=''
pdfdir='${docdir}'
pkgpyexecdir='${pyexecdir}/speech-dispatcher'
pkgpythondir='${pythondir}/speech-dispatcher'
prefix='/usr/local'
program_transform_name='s,x,x,'
psdir='${docdir}'
pulse_support_FALSE='#'
pulse_support_TRUE=''
pyexecdir='${exec_prefix}/lib/python2.7/dist-packages'
pythondir='${prefix}/lib/python2.7/dist-packages'
sbindir='${exec_prefix}/sbin'
sharedstatedir='${prefix}/com'
snddatadir='${datadir}/sounds/speech-dispatcher'
spdconfdir='${sysconfdir}/speech-dispatcher'
spdconforigdir='${datadir}/speech-dispatcher/conf'
spddesktopconforigdir='${spdconforigdir}/desktop'
spdlib2dir='${libdir}/speech-dispatcher'
spdlibdir='${libdir}/speech-dispatcher'
sysconfdir='${prefix}/etc'
target_alias=''

## ----------- ##
## confdefs.h. ##
## ----------- ##

/* confdefs.h */
#define PACKAGE_NAME "speech-dispatcher"
#define PACKAGE_TARNAME "speech-dispatcher"
#define PACKAGE_VERSION "0.7.1"
#define PACKAGE_STRING "speech-dispatcher 0.7.1"
#define PACKAGE_BUGREPORT "speechd@lists.freebsoft.org"
#define PACKAGE_URL ""
#define PACKAGE "speech-dispatcher"
#define VERSION "0.7.1"
#define STDC_HEADERS 1
#define HAVE_SYS_TYPES_H 1
#define HAVE_SYS_STAT_H 1
#define HAVE_STDLIB_H 1
#define HAVE_STRING_H 1
#define HAVE_MEMORY_H 1
#define HAVE_STRINGS_H 1
#define HAVE_INTTYPES_H 1
#define HAVE_STDINT_H 1
#define HAVE_UNISTD_H 1
#define HAVE_LIMITS_H 1
#define HAVE_SYS_IOCTL_H 1
#define HAVE_SYS_TIME_H 1
#define HAVE_UNISTD_H 1
#define TIME_WITH_SYS_TIME 1
#define HAVE_SELECT 1
#define HAVE_SOCKET 1
#define HAVE_DLFCN_H 1
#define LT_OBJDIR ".libs/"
#define HAVE_SNDFILE 1

configure: exit 0
